<?xml version="1.0" encoding="UTF-8"?>
<testng-results ignored="0" total="2" passed="2" failed="0" skipped="0">
  <reporter-output>
  </reporter-output>
  <suite started-at="2021-09-12T19:56:55Z" name="Default suite" finished-at="2021-09-12T19:57:16Z" duration-ms="20438">
    <groups>
    </groups>
    <test started-at="2021-09-12T19:56:55Z" name="Default test" finished-at="2021-09-12T19:57:16Z" duration-ms="20438">
      <class name="com.testcases.loginFreeCRM">
        <test-method is-config="true" signature="TestSuite()[pri:0, instance:com.testcases.loginFreeCRM@36916eb0]" started-at="2021-09-12T19:56:54Z" name="TestSuite" finished-at="2021-09-12T19:56:55Z" duration-ms="926" status="PASS">
          <reporter-output>
          </reporter-output>
        </test-method> <!-- TestSuite -->
        <test-method is-config="true" signature="startup()[pri:0, instance:com.testcases.loginFreeCRM@36916eb0]" started-at="2021-09-12T19:56:55Z" name="startup" finished-at="2021-09-12T19:57:09Z" duration-ms="13349" status="PASS">
          <reporter-output>
          </reporter-output>
        </test-method> <!-- startup -->
        <test-method signature="loginApp()[pri:0, instance:com.testcases.loginFreeCRM@36916eb0]" started-at="2021-09-12T19:57:09Z" name="loginApp" finished-at="2021-09-12T19:57:13Z" duration-ms="3947" status="PASS">
          <reporter-output>
          </reporter-output>
        </test-method> <!-- loginApp -->
        <test-method is-config="true" signature="shutdownmethod(org.testng.ITestResult)[pri:0, instance:com.testcases.loginFreeCRM@36916eb0]" started-at="2021-09-12T19:57:13Z" name="shutdownmethod" finished-at="2021-09-12T19:57:14Z" duration-ms="964" status="PASS">
          <params>
            <param index="0">
              <value>
                <![CDATA[[TestResult name=loginApp status=SUCCESS method=loginFreeCRM.loginApp()[pri:0, instance:com.testcases.loginFreeCRM@36916eb0] output={null}]]]>
              </value>
            </param>
          </params>
          <reporter-output>
          </reporter-output>
        </test-method> <!-- shutdownmethod -->
        <test-method signature="loginApp1()[pri:0, instance:com.testcases.loginFreeCRM@36916eb0]" started-at="2021-09-12T19:57:14Z" name="loginApp1" finished-at="2021-09-12T19:57:15Z" duration-ms="994" status="PASS">
          <reporter-output>
          </reporter-output>
        </test-method> <!-- loginApp1 -->
        <test-method is-config="true" signature="shutdownmethod(org.testng.ITestResult)[pri:0, instance:com.testcases.loginFreeCRM@36916eb0]" started-at="2021-09-12T19:57:15Z" name="shutdownmethod" finished-at="2021-09-12T19:57:15Z" duration-ms="389" status="PASS">
          <params>
            <param index="0">
              <value>
                <![CDATA[[TestResult name=loginApp1 status=SUCCESS method=loginFreeCRM.loginApp1()[pri:0, instance:com.testcases.loginFreeCRM@36916eb0] output={null}]]]>
              </value>
            </param>
          </params>
          <reporter-output>
          </reporter-output>
        </test-method> <!-- shutdownmethod -->
        <test-method is-config="true" signature="shutdown()[pri:0, instance:com.testcases.loginFreeCRM@36916eb0]" started-at="2021-09-12T19:57:15Z" name="shutdown" finished-at="2021-09-12T19:57:16Z" duration-ms="771" status="PASS">
          <reporter-output>
          </reporter-output>
        </test-method> <!-- shutdown -->
      </class> <!-- com.testcases.loginFreeCRM -->
    </test> <!-- Default test -->
  </suite> <!-- Default suite -->
</testng-results>
